<?xml version="1.0" encoding="UTF-8"?>
<testsuite name="com.freedom.studentwebapp.StudentwebappApplicationTests" tests="1" skipped="0" failures="0" errors="0" timestamp="2022-10-16T19:00:56" hostname="Sevanas-MacBook-Pro.local" time="0.486">
  <properties/>
  <testcase name="contextLoads()" classname="com.freedom.studentwebapp.StudentwebappApplicationTests" time="0.486"/>
  <system-out><![CDATA[21:00:53.920 [Test worker] DEBUG org.springframework.test.context.BootstrapUtils - Instantiating CacheAwareContextLoaderDelegate from class [org.springframework.test.context.cache.DefaultCacheAwareContextLoaderDelegate]
21:00:53.942 [Test worker] DEBUG org.springframework.test.context.BootstrapUtils - Instantiating BootstrapContext using constructor [public org.springframework.test.context.support.DefaultBootstrapContext(java.lang.Class,org.springframework.test.context.CacheAwareContextLoaderDelegate)]
21:00:53.989 [Test worker] DEBUG org.springframework.test.context.BootstrapUtils - Instantiating TestContextBootstrapper for test class [com.freedom.studentwebapp.StudentwebappApplicationTests] from class [org.springframework.boot.test.context.SpringBootTestContextBootstrapper]
21:00:54.004 [Test worker] INFO org.springframework.boot.test.context.SpringBootTestContextBootstrapper - Neither @ContextConfiguration nor @ContextHierarchy found for test class [com.freedom.studentwebapp.StudentwebappApplicationTests], using SpringBootContextLoader
21:00:54.008 [Test worker] DEBUG org.springframework.test.context.support.AbstractContextLoader - Did not detect default resource location for test class [com.freedom.studentwebapp.StudentwebappApplicationTests]: class path resource [com/freedom/studentwebapp/StudentwebappApplicationTests-context.xml] does not exist
21:00:54.009 [Test worker] DEBUG org.springframework.test.context.support.AbstractContextLoader - Did not detect default resource location for test class [com.freedom.studentwebapp.StudentwebappApplicationTests]: class path resource [com/freedom/studentwebapp/StudentwebappApplicationTestsContext.groovy] does not exist
21:00:54.009 [Test worker] INFO org.springframework.test.context.support.AbstractContextLoader - Could not detect default resource locations for test class [com.freedom.studentwebapp.StudentwebappApplicationTests]: no resource found for suffixes {-context.xml, Context.groovy}.
21:00:54.010 [Test worker] INFO org.springframework.test.context.support.AnnotationConfigContextLoaderUtils - Could not detect default configuration classes for test class [com.freedom.studentwebapp.StudentwebappApplicationTests]: StudentwebappApplicationTests does not declare any static, non-private, non-final, nested classes annotated with @Configuration.
21:00:54.068 [Test worker] DEBUG org.springframework.test.context.support.ActiveProfilesUtils - Could not find an 'annotation declaring class' for annotation type [org.springframework.test.context.ActiveProfiles] and class [com.freedom.studentwebapp.StudentwebappApplicationTests]
21:00:54.167 [Test worker] DEBUG org.springframework.context.annotation.ClassPathScanningCandidateComponentProvider - Identified candidate component class: file [/Users/sevanaahmadzada/Documents/Java-Sarkhan_Rasullu/lessons/lesson36-studentTeacherWebSpring/studentwebapp/build/classes/java/main/com/freedom/studentwebapp/StudentwebappApplication.class]
21:00:54.168 [Test worker] INFO org.springframework.boot.test.context.SpringBootTestContextBootstrapper - Found @SpringBootConfiguration com.freedom.studentwebapp.StudentwebappApplication for test class com.freedom.studentwebapp.StudentwebappApplicationTests
21:00:54.280 [Test worker] DEBUG org.springframework.boot.test.context.SpringBootTestContextBootstrapper - @TestExecutionListeners is not present for class [com.freedom.studentwebapp.StudentwebappApplicationTests]: using defaults.
21:00:54.281 [Test worker] INFO org.springframework.boot.test.context.SpringBootTestContextBootstrapper - Loaded default TestExecutionListener class names from location [META-INF/spring.factories]: [org.springframework.boot.test.autoconfigure.restdocs.RestDocsTestExecutionListener, org.springframework.boot.test.autoconfigure.web.client.MockRestServiceServerResetTestExecutionListener, org.springframework.boot.test.autoconfigure.web.servlet.MockMvcPrintOnlyOnFailureTestExecutionListener, org.springframework.boot.test.autoconfigure.web.servlet.WebDriverTestExecutionListener, org.springframework.boot.test.autoconfigure.webservices.client.MockWebServiceServerTestExecutionListener, org.springframework.boot.test.mock.mockito.MockitoTestExecutionListener, org.springframework.boot.test.mock.mockito.ResetMocksTestExecutionListener, org.springframework.test.context.web.ServletTestExecutionListener, org.springframework.test.context.support.DirtiesContextBeforeModesTestExecutionListener, org.springframework.test.context.event.ApplicationEventsTestExecutionListener, org.springframework.test.context.support.DependencyInjectionTestExecutionListener, org.springframework.test.context.support.DirtiesContextTestExecutionListener, org.springframework.test.context.transaction.TransactionalTestExecutionListener, org.springframework.test.context.jdbc.SqlScriptsTestExecutionListener, org.springframework.test.context.event.EventPublishingTestExecutionListener]
21:00:54.302 [Test worker] DEBUG org.springframework.boot.test.context.SpringBootTestContextBootstrapper - Skipping candidate TestExecutionListener [org.springframework.test.context.transaction.TransactionalTestExecutionListener] due to a missing dependency. Specify custom listener classes or make the default listener classes and their required dependencies available. Offending class: [org/springframework/transaction/interceptor/TransactionAttributeSource]
21:00:54.303 [Test worker] DEBUG org.springframework.boot.test.context.SpringBootTestContextBootstrapper - Skipping candidate TestExecutionListener [org.springframework.test.context.jdbc.SqlScriptsTestExecutionListener] due to a missing dependency. Specify custom listener classes or make the default listener classes and their required dependencies available. Offending class: [org/springframework/transaction/interceptor/TransactionAttribute]
21:00:54.304 [Test worker] INFO org.springframework.boot.test.context.SpringBootTestContextBootstrapper - Using TestExecutionListeners: [org.springframework.test.context.web.ServletTestExecutionListener@75459c75, org.springframework.test.context.support.DirtiesContextBeforeModesTestExecutionListener@183e8023, org.springframework.test.context.event.ApplicationEventsTestExecutionListener@45efc20d, org.springframework.boot.test.mock.mockito.MockitoTestExecutionListener@3e5499cc, org.springframework.boot.test.autoconfigure.SpringBootDependencyInjectionTestExecutionListener@67ab1c47, org.springframework.test.context.support.DirtiesContextTestExecutionListener@b78a709, org.springframework.test.context.event.EventPublishingTestExecutionListener@30bcf3c1, org.springframework.boot.test.autoconfigure.restdocs.RestDocsTestExecutionListener@2a3c96e3, org.springframework.boot.test.autoconfigure.web.client.MockRestServiceServerResetTestExecutionListener@15cafec7, org.springframework.boot.test.autoconfigure.web.servlet.MockMvcPrintOnlyOnFailureTestExecutionListener@5b444398, org.springframework.boot.test.autoconfigure.web.servlet.WebDriverTestExecutionListener@cb191ca, org.springframework.boot.test.autoconfigure.webservices.client.MockWebServiceServerTestExecutionListener@42f48531, org.springframework.boot.test.mock.mockito.ResetMocksTestExecutionListener@a776e]
21:00:54.313 [Test worker] DEBUG org.springframework.test.context.support.AbstractDirtiesContextTestExecutionListener - Before test class: context [DefaultTestContext@56bca85b testClass = StudentwebappApplicationTests, testInstance = [null], testMethod = [null], testException = [null], mergedContextConfiguration = [WebMergedContextConfiguration@75d0911a testClass = StudentwebappApplicationTests, locations = '{}', classes = '{class com.freedom.studentwebapp.StudentwebappApplication}', contextInitializerClasses = '[]', activeProfiles = '{}', propertySourceLocations = '{}', propertySourceProperties = '{org.springframework.boot.test.context.SpringBootTestContextBootstrapper=true}', contextCustomizers = set[org.springframework.boot.test.autoconfigure.actuate.metrics.MetricsExportContextCustomizerFactory$DisableMetricExportContextCustomizer@571c5681, org.springframework.boot.test.autoconfigure.properties.PropertyMappingContextCustomizer@0, org.springframework.boot.test.autoconfigure.web.servlet.WebDriverContextCustomizerFactory$Customizer@41ab013, org.springframework.boot.test.context.filter.ExcludeFilterContextCustomizer@3af0a9da, org.springframework.boot.test.json.DuplicateJsonObjectContextCustomizerFactory$DuplicateJsonObjectContextCustomizer@6f7923a5, org.springframework.boot.test.mock.mockito.MockitoContextCustomizer@0, org.springframework.boot.test.web.client.TestRestTemplateContextCustomizer@457c9034, org.springframework.boot.test.context.SpringBootTestArgs@1, org.springframework.boot.test.context.SpringBootTestWebEnvironment@7c9d8e2], resourceBasePath = 'src/main/webapp', contextLoader = 'org.springframework.boot.test.context.SpringBootContextLoader', parent = [null]], attributes = map['org.springframework.test.context.web.ServletTestExecutionListener.activateListener' -> true]], class annotated with @DirtiesContext [false] with mode [null].

  .   ____          _            __ _ _
 /\\ / ___'_ __ _ _(_)_ __  __ _ \ \ \ \
( ( )\___ | '_ | '_| | '_ \/ _` | \ \ \ \
 \\/  ___)| |_)| | | | | || (_| |  ) ) ) )
  '  |____| .__|_| |_|_| |_\__, | / / / /
 =========|_|==============|___/=/_/_/_/
 :: Spring Boot ::                (v2.7.4)

2022-10-16 21:00:54.945  INFO 1735 --- [    Test worker] c.f.s.StudentwebappApplicationTests      : Starting StudentwebappApplicationTests using Java 18 on Sevanas-MacBook-Pro.local with PID 1735 (started by sevanaahmadzada in /Users/sevanaahmadzada/Documents/Java-Sarkhan_Rasullu/lessons/lesson36-studentTeacherWebSpring/studentwebapp)
2022-10-16 21:00:54.949  INFO 1735 --- [    Test worker] c.f.s.StudentwebappApplicationTests      : No active profile set, falling back to 1 default profile: "default"
2022-10-16 21:00:56.917  INFO 1735 --- [    Test worker] c.f.s.StudentwebappApplicationTests      : Started StudentwebappApplicationTests in 2.514 seconds (JVM running for 4.353)
]]></system-out>
  <system-err><![CDATA[]]></system-err>
</testsuite>
